-------------------------------------------------------------------------------
Test set: model.character.CharacterTest
-------------------------------------------------------------------------------
<<<<<<< HEAD
Tests run: 9, Failures: 0, Errors: 0, Skipped: 0, Time elapsed: 0.375 sec
=======
<<<<<<< HEAD
Tests run: 9, Failures: 0, Errors: 0, Skipped: 0, Time elapsed: 0.204 sec
=======
Tests run: 9, Failures: 0, Errors: 0, Skipped: 0, Time elapsed: 0.193 sec
>>>>>>> 35be38d49089fd17d925e28abd755f5b262e8238
>>>>>>> 1a835dc96e0f84529ff549ed73beaffe8d03ecfe
